<?xml version="1.0" encoding="UTF-8" standalone="yes"?>
<sqlmap>
    <sql key="add">
        <value>insert</value>
    </sql>
    <sql key="get">
        <value>select</value>
    </sql>
</sqlmap>
